This file contains the list of various toolbox functions that are not 
included in the CTF file. An error will be thrown if any of these functions 
 are called at run-time. Some of these functions may be from toolboxes 
that you are not using in your application. The reason for this is that 
these toolboxes have overloaded some methods that are called by your code. 
If you know which toolboxes are being used by your code, you can use the -p 
 flag with the -N flag to list these toolboxes explicitly. This will 
cause MATLAB Compiler to only look for functions in the specified toolbox 
directories in addition to the MATLAB directories. Refer to the MCC 
documentation for more information on this. 

C:\MATLAB\2008a\toolbox\local\docopt.m 
  called by C:\MATLAB\2008a\toolbox\matlab\helptools\web.m 
(C:\MATLAB\2008a\toolbox\compiler\depfun.opts, line 6: 
exclude if $caller in [$toolbox/matlab, $toolbox/daq] and ...
           $file in $toolbox and ...
           $file not in [$toolbox/matlab, $toolbox/shared, $toolbox/compiler]) 
C:\MATLAB\2008a\toolbox\images\images\rgb2ind.m 
  called by C:\MATLAB\2008a\toolbox\matlab\graph3d\alpha.m 
(C:\MATLAB\2008a\toolbox\compiler\depfun.opts, line 6: 
exclude if $caller in [$toolbox/matlab, $toolbox/daq] and ...
           $file in $toolbox and ...
           $file not in [$toolbox/matlab, $toolbox/shared, $toolbox/compiler]) 
